<?xml version="1.0" encoding="UTF-8"?>
<!-- Generated by org.testng.reporters.JUnitReportReporter -->
<testsuite hostname="LTCH-9RQ24253GP" failures="0" tests="1" name="testBase.TC_001_CreateAR" time="28.789" errors="0" timestamp="2025-03-11T09:57:52 IST" skipped="0">
  <testcase classname="testBase.TC_001_CreateAR" name="verifyCreateAR" time="28.789"/>
</testsuite> <!-- testBase.TC_001_CreateAR -->
